<?xml version="1.0" encoding="UTF-8"?>
<testng-results skipped="0" failed="0" total="3" passed="3">
  <reporter-output>
  </reporter-output>
  <suite name="CI-CD" duration-ms="17750" started-at="2020-06-27T06:16:27Z" finished-at="2020-06-27T06:16:45Z">
    <groups>
    </groups>
    <test name="Test1" duration-ms="17750" started-at="2020-06-27T06:16:27Z" finished-at="2020-06-27T06:16:45Z">
      <class name="TestClass1">
        <test-method status="PASS" signature="launchDriver()[pri:0, instance:TestClass1@39ba5a14]" name="launchDriver" is-config="true" duration-ms="1952" started-at="2020-06-27T11:46:27Z" finished-at="2020-06-27T11:46:29Z">
          <reporter-output>
          </reporter-output>
        </test-method> <!-- launchDriver -->
        <test-method status="PASS" signature="test1()[pri:0, instance:TestClass1@39ba5a14]" name="test1" duration-ms="4212" started-at="2020-06-27T11:46:29Z" finished-at="2020-06-27T11:46:33Z">
          <reporter-output>
          </reporter-output>
        </test-method> <!-- test1 -->
        <test-method status="PASS" signature="closeBrowser()[pri:0, instance:TestClass1@39ba5a14]" name="closeBrowser" is-config="true" duration-ms="110" started-at="2020-06-27T11:46:33Z" finished-at="2020-06-27T11:46:33Z">
          <reporter-output>
          </reporter-output>
        </test-method> <!-- closeBrowser -->
        <test-method status="PASS" signature="launchDriver()[pri:0, instance:TestClass1@39ba5a14]" name="launchDriver" is-config="true" duration-ms="962" started-at="2020-06-27T11:46:33Z" finished-at="2020-06-27T11:46:34Z">
          <reporter-output>
          </reporter-output>
        </test-method> <!-- launchDriver -->
        <test-method status="PASS" signature="test2()[pri:0, instance:TestClass1@39ba5a14]" name="test2" duration-ms="4599" started-at="2020-06-27T11:46:34Z" finished-at="2020-06-27T11:46:39Z">
          <reporter-output>
          </reporter-output>
        </test-method> <!-- test2 -->
        <test-method status="PASS" signature="closeBrowser()[pri:0, instance:TestClass1@39ba5a14]" name="closeBrowser" is-config="true" duration-ms="112" started-at="2020-06-27T11:46:39Z" finished-at="2020-06-27T11:46:39Z">
          <reporter-output>
          </reporter-output>
        </test-method> <!-- closeBrowser -->
        <test-method status="PASS" signature="launchDriver()[pri:0, instance:TestClass1@39ba5a14]" name="launchDriver" is-config="true" duration-ms="1027" started-at="2020-06-27T11:46:39Z" finished-at="2020-06-27T11:46:40Z">
          <reporter-output>
          </reporter-output>
        </test-method> <!-- launchDriver -->
        <test-method status="PASS" signature="test3()[pri:0, instance:TestClass1@39ba5a14]" name="test3" duration-ms="4666" started-at="2020-06-27T11:46:40Z" finished-at="2020-06-27T11:46:44Z">
          <reporter-output>
          </reporter-output>
        </test-method> <!-- test3 -->
        <test-method status="PASS" signature="closeBrowser()[pri:0, instance:TestClass1@39ba5a14]" name="closeBrowser" is-config="true" duration-ms="100" started-at="2020-06-27T11:46:44Z" finished-at="2020-06-27T11:46:45Z">
          <reporter-output>
          </reporter-output>
        </test-method> <!-- closeBrowser -->
      </class> <!-- TestClass1 -->
    </test> <!-- Test1 -->
  </suite> <!-- CI-CD -->
</testng-results>
